Using pre-set license

 COMMAND LINE ARGUMENTS:
/Applications/Unity/Hub/Editor/2020.2.2f1/Unity.app/Contents/MacOS/Unity
-adb2
-batchMode
-noUpm
-name
AssetImportWorker0
-projectPath
/Users/ilyavasilenko/Documents/GitHub/Color Hunter/ColorHunter/ColorRunner
-logFile
Logs/AssetImportWorker0.log
-srvPort
56325
Successfully changed project path to: /Users/ilyavasilenko/Documents/GitHub/Color Hunter/ColorHunter/ColorRunner
/Users/ilyavasilenko/Documents/GitHub/Color Hunter/ColorHunter/ColorRunner
Using Asset Import Pipeline V2.
Refreshing native plugins compatible for Editor in 127.70 ms, found 1 plugins.
Preloading 0 native plugins for Editor in 0.00 ms.
Initialize engine version: 2020.2.2f1 (068178b99f32)
[Subsystems] Discovering subsystems at path /Applications/Unity/Hub/Editor/2020.2.2f1/Unity.app/Contents/Resources/UnitySubsystems
[Subsystems] Discovering subsystems at path /Users/ilyavasilenko/Documents/GitHub/Color Hunter/ColorHunter/ColorRunner/Assets
GfxDevice: creating device client; threaded=0
2021-02-27 11:48:55.888 Unity[11324:317740] Color LCD preferred device: Intel(R) Iris(TM) Plus Graphics (low power)
2021-02-27 11:48:55.888 Unity[11324:317740] Metal devices available: 1
2021-02-27 11:48:55.888 Unity[11324:317740] 0: Intel(R) Iris(TM) Plus Graphics (low power)
2021-02-27 11:48:55.888 Unity[11324:317740] Forcing user selected device: Intel(R) Iris(TM) Plus Graphics (low power)
Initializing Metal device caps: Intel(R) Iris(TM) Plus Graphics
Initialize mono
Mono path[0] = '/Applications/Unity/Hub/Editor/2020.2.2f1/Unity.app/Contents/Managed'
Mono path[1] = '/Applications/Unity/Hub/Editor/2020.2.2f1/Unity.app/Contents/MonoBleedingEdge/lib/mono/unityjit'
Mono config path = '/Applications/Unity/Hub/Editor/2020.2.2f1/Unity.app/Contents/MonoBleedingEdge/etc'
Using monoOptions --debugger-agent=transport=dt_socket,embedding=1,server=y,suspend=n,address=127.0.0.1:56324
Begin MonoManager ReloadAssembly
Registering precompiled unity dll's ...
Register platform support module: /Applications/Unity/Hub/Editor/2020.2.2f1/Unity.app/Contents/PlaybackEngines/MacStandaloneSupport/UnityEditor.OSXStandalone.Extensions.dll
Registered in 0.003994 seconds.
Native extension for OSXStandalone target not found
Refreshing native plugins compatible for Editor in 61.33 ms, found 1 plugins.
Preloading 0 native plugins for Editor in 0.00 ms.
Invoked RoslynAnalysisRunner static constructor.
RoslynAnalysisRunner will not be running.
RoslynAnalysisRunner has terminated.
Mono: successfully reloaded assembly
- Completed reload, in  3.799 seconds
Platform modules already initialized, skipping
Registering precompiled user dll's ...
Registered in 0.002739 seconds.
Begin MonoManager ReloadAssembly
Native extension for OSXStandalone target not found
Refreshing native plugins compatible for Editor in 61.61 ms, found 1 plugins.
Preloading 0 native plugins for Editor in 0.00 ms.
Invoked RoslynAnalysisRunner static constructor.
RoslynAnalysisRunner will not be running.
RoslynAnalysisRunner has terminated.
Mono: successfully reloaded assembly
- Completed reload, in  1.558 seconds
Platform modules already initialized, skipping
========================================================================
Worker process is ready to serve import requests
Shader 'Universal Render Pipeline/Particles/Lit': fallback shader 'Universal Render Pipeline/Particles/SimpleLit' not found
Shader 'Universal Render Pipeline/Particles/Lit': fallback shader 'Universal Render Pipeline/Particles/SimpleLit' not found
Launching external process: /Applications/Unity/Hub/Editor/2020.2.2f1/Unity.app/Contents/Tools/UnityShaderCompiler
Launched and connected shader compiler UnityShaderCompiler after 0.03 seconds
Refreshing native plugins compatible for Editor in 0.90 ms, found 1 plugins.
Preloading 0 native plugins for Editor in 0.00 ms.
Unloading 2442 Unused Serialized files (Serialized files now loaded: 0)
System memory in use before: 191.7 MB.
System memory in use after: 189.6 MB.

Unloading 40 unused Assets to reduce memory usage. Loaded Objects now: 2855.
Total: 6.801694 ms (FindLiveObjects: 0.651818 ms CreateObjectMapping: 0.238610 ms MarkObjects: 3.631089 ms  DeleteObjects: 2.277902 ms)

========================================================================
Received Import Request.
  path: Assets/Data/New Data Save.asset
  artifactKey: Guid(fdd6e19f62bd245419b13cc40b213fec) Importer(815301076,1909f56bfc062723c751e8b465ee728b)
Start importing Assets/Data/New Data Save.asset using Guid(fdd6e19f62bd245419b13cc40b213fec) Importer(815301076,1909f56bfc062723c751e8b465ee728b)  -> (artifact id: '2761b291c40c796c80299611684ddd1d') in 1.372731 seconds
  Import took 1.382467 seconds .

========================================================================
Received Import Request.
  Time since last request: 0.884592 seconds.
  path: Assets/Data/New Data Save.asset
  artifactKey: Guid(fdd6e19f62bd245419b13cc40b213fec) Importer(815301076,1909f56bfc062723c751e8b465ee728b)
Start importing Assets/Data/New Data Save.asset using Guid(fdd6e19f62bd245419b13cc40b213fec) Importer(815301076,1909f56bfc062723c751e8b465ee728b)  -> (artifact id: '2761b291c40c796c80299611684ddd1d') in 0.002534 seconds
  Import took 0.008881 seconds .

AssetImportWorkerClient::OnTransportError - code=2 error=End of file
